<?xml version="1.0" encoding="UTF-8"?>
<testsuite xmlns:xsi="http://www.w3.org/2001/XMLSchema-instance" xsi:noNamespaceSchemaLocation="https://maven.apache.org/surefire/maven-surefire-plugin/xsd/surefire-test-report.xsd" name="MyTest" time="1.168" tests="6" errors="0" skipped="0" failures="0">
  <properties>
[...]
</properties>
  <testcase name="getTie" classname="MyTest" time="1.109"/>
  <testcase name="chekMoveTest1" classname="MyTest" time="0.001"/>
  <testcase name="chekMoveTest2" classname="MyTest" time="0.003"/>
  <testcase name="chekMoveTest3" classname="MyTest" time="0.001"/>
  <testcase name="getWinPattern" classname="MyTest" time="0.002"/>
  <testcase name="getPlayer" classname="MyTest" time="0.002"/>
</testsuite>